\BOOKMARK [1][-]{section.1}{Introduction}{}% 1
\BOOKMARK [2][-]{subsection.1.1}{Intro}{section.1}% 2
\BOOKMARK [2][-]{subsection.1.2}{Our work}{section.1}% 3
\BOOKMARK [1][-]{section.2}{Nice Tree Decomposition}{}% 4
\BOOKMARK [2][-]{subsection.2.1}{Join Nodes}{section.2}% 5
\BOOKMARK [2][-]{subsection.2.2}{Introduce and Forget Nodes}{section.2}% 6
\BOOKMARK [2][-]{subsection.2.3}{Introduce Edge Nodes}{section.2}% 7
\BOOKMARK [1][-]{section.3}{Algorithm Overview}{}% 8
\BOOKMARK [2][-]{subsection.3.1}{Leaf Node}{section.3}% 9
\BOOKMARK [2][-]{subsection.3.2}{Introduce Vertex Node}{section.3}% 10
\BOOKMARK [2][-]{subsection.3.3}{Forget Vertex Node}{section.3}% 11
\BOOKMARK [2][-]{subsection.3.4}{Introduce Edge Node}{section.3}% 12
\BOOKMARK [2][-]{subsection.3.5}{Join Node}{section.3}% 13
\BOOKMARK [2][-]{subsection.3.6}{Weird Nodes}{section.3}% 14
\BOOKMARK [2][-]{subsection.3.7}{Running Time Analysis}{section.3}% 15
\BOOKMARK [1][-]{section.4}{Generating Partition Pairs for Join Node}{}% 16
\BOOKMARK [2][-]{subsection.4.1}{Generating Partitions}{section.4}% 17
\BOOKMARK [2][-]{subsection.4.2}{Acyclic Merge}{section.4}% 18
\BOOKMARK [1][-]{section.5}{Implementation}{}% 19
\BOOKMARK [1][-]{section.6}{DP with low terminals \(Track 1\)}{}% 20
\BOOKMARK [1][-]{section.7}{Observations}{}% 21
\BOOKMARK [2][-]{subsection.7.1}{PACE Dataset Observations}{section.7}% 22
\BOOKMARK [1][-]{section.8}{Conclusions}{}% 23
